<?xml version="1.0" encoding="UTF-8"?>
<!-- Generated by org.testng.reporters.JUnitXMLReporter -->
<testsuite hostname="DESKTOP-CRFERR4" ignored="1" name="Car Loan" tests="6" failures="0" timestamp="27 Dec 2019 05:48:32 GMT" time="0.159" errors="0">
  <testcase name="mobileLoginCarLoan" time="0.046" classname="test.day3"/>
  <testcase name="mobileSignOutCarLoan" time="0.017" classname="test.day3"/>
  <testcase name="mobileSignOutCarLoan" time="0.003" classname="test.day3"/>
  <testcase name="mobileSignOutCarLoan" time="0.004" classname="test.day3"/>
  <testcase name="webLoginCarLoan" time="0.002" classname="test.day3"/>
  <testcase name="apiCarLoan" time="0.003" classname="test.day3"/>
  <testcase name="mobileSignInCarLoan" time="0.0" classname="test.day3">
    <ignored/>
  </testcase> <!-- mobileSignInCarLoan -->
</testsuite> <!-- Car Loan -->
