<?xml version="1.0" encoding="UTF-8"?>
<!-- Generated by org.testng.reporters.JUnitXMLReporter -->
<testsuite hostname="DESKTOP-CRFERR4" ignored="4" name="Regression" tests="9" failures="1" timestamp="24 Dec 2019 03:09:31 GMT" time="0.096" errors="0">
  <testcase name="demo" time="0.009" classname="test.day1">
    <failure type="java.lang.AssertionError" message="expected [true] but found [false]">
      <![CDATA[java.lang.AssertionError: expected [true] but found [false]
at test.day1.demo(day1.java:19)
... Removed 29 stack frames]]>
    </failure>
  </testcase> <!-- demo -->
  <testcase name="secondTest" time="0.003" classname="test.day1"/>
  <testcase name="loginAPIHomeLoan" time="0.002" classname="test.day4"/>
  <testcase name="webLoginHomeLoan" time="0.005" classname="test.day4"/>
  <testcase name="mobileSignOutCarLoan" time="0.002" classname="test.day3"/>
  <testcase name="mobileSignOutCarLoan" time="0.003" classname="test.day3"/>
  <testcase name="mobileSignOutCarLoan" time="0.002" classname="test.day3"/>
  <testcase name="webLoginCarLoan" time="0.002" classname="test.day3"/>
  <testcase name="apiCarLoan" time="0.001" classname="test.day3"/>
  <testcase name="mobileSignInCarLoan" time="0.0" classname="test.day3">
    <ignored/>
  </testcase> <!-- mobileSignInCarLoan -->
  <testcase name="mobileLoginHomeLoan" time="0.0" classname="test.day4">
    <ignored/>
  </testcase> <!-- mobileLoginHomeLoan -->
  <testcase name="pLoan" time="0.0" classname="test.day2">
    <ignored/>
  </testcase> <!-- pLoan -->
  <testcase name="mobileLoginCarLoan" time="0.0" classname="test.day3">
    <ignored/>
  </testcase> <!-- mobileLoginCarLoan -->
</testsuite> <!-- Regression -->
