<?xml version="1.0" encoding="UTF-8"?>
<testng-results skipped="0" failed="0" ignored="0" total="6" passed="6">
  <reporter-output>
  </reporter-output>
  <suite name="Command line suite" duration-ms="120" started-at="2019-12-27T16:58:10 AEDT" finished-at="2019-12-27T16:58:10 AEDT">
    <groups>
    </groups>
    <test name="Command line test" duration-ms="120" started-at="2019-12-27T16:58:10 AEDT" finished-at="2019-12-27T16:58:10 AEDT">
      <class name="qaclickacademy.AppiumTest">
        <test-method status="PASS" signature="IOSApps()[pri:0, instance:qaclickacademy.AppiumTest@6eebc39e]" name="IOSApps" duration-ms="15" started-at="2019-12-27T16:58:10 AEDT" finished-at="2019-12-27T16:58:10 AEDT">
          <reporter-output>
          </reporter-output>
        </test-method> <!-- IOSApps -->
        <test-method status="PASS" signature="NativeAppAndroid()[pri:0, instance:qaclickacademy.AppiumTest@6eebc39e]" name="NativeAppAndroid" duration-ms="4" started-at="2019-12-27T16:58:10 AEDT" finished-at="2019-12-27T16:58:10 AEDT">
          <reporter-output>
          </reporter-output>
        </test-method> <!-- NativeAppAndroid -->
      </class> <!-- qaclickacademy.AppiumTest -->
      <class name="qaclickacademy.RESTAPITest">
        <test-method status="PASS" signature="deleteTwitter()[pri:0, instance:qaclickacademy.RESTAPITest@464bee09]" name="deleteTwitter" duration-ms="0" started-at="2019-12-27T16:58:10 AEDT" finished-at="2019-12-27T16:58:10 AEDT">
          <reporter-output>
          </reporter-output>
        </test-method> <!-- deleteTwitter -->
        <test-method status="PASS" signature="postJira()[pri:0, instance:qaclickacademy.RESTAPITest@464bee09]" name="postJira" duration-ms="0" started-at="2019-12-27T16:58:10 AEDT" finished-at="2019-12-27T16:58:10 AEDT">
          <reporter-output>
          </reporter-output>
        </test-method> <!-- postJira -->
      </class> <!-- qaclickacademy.RESTAPITest -->
      <class name="qaclickacademy.SeleniumTest">
        <test-method status="PASS" signature="BrowserAutomation()[pri:0, instance:qaclickacademy.SeleniumTest@f6c48ac]" name="BrowserAutomation" duration-ms="1" started-at="2019-12-27T16:58:10 AEDT" finished-at="2019-12-27T16:58:10 AEDT">
          <reporter-output>
          </reporter-output>
        </test-method> <!-- BrowserAutomation -->
        <test-method status="PASS" signature="ElementUI()[pri:0, instance:qaclickacademy.SeleniumTest@f6c48ac]" name="ElementUI" duration-ms="0" started-at="2019-12-27T16:58:10 AEDT" finished-at="2019-12-27T16:58:10 AEDT">
          <reporter-output>
          </reporter-output>
        </test-method> <!-- ElementUI -->
      </class> <!-- qaclickacademy.SeleniumTest -->
    </test> <!-- Command line test -->
  </suite> <!-- Command line suite -->
</testng-results>
