<?xml version="1.0" encoding="UTF-8"?>
<!-- Generated by org.testng.reporters.JUnitXMLReporter -->
<testsuite hostname="DESKTOP-CRFERR4" ignored="0" name="Default test" tests="4" failures="0" timestamp="23 Dec 2019 07:59:41 GMT" time="0.105" errors="0">
  <testcase name="t1" time="0.025" classname="test.temp"/>
  <testcase name="t2" time="0.016" classname="test.temp"/>
  <testcase name="t3" time="0.0" classname="test.temp"/>
  <testcase name="t4" time="0.016" classname="test.temp"/>
</testsuite> <!-- Default test -->
