<?xml version="1.0" encoding="UTF-8"?>
<testng-results skipped="0" failed="0" ignored="0" total="6" passed="6">
  <reporter-output>
  </reporter-output>
  <suite name="Suite" duration-ms="129" started-at="2019-12-27T05:51:04Z" finished-at="2019-12-27T05:51:04Z">
    <groups>
    </groups>
    <test name="Test" duration-ms="129" started-at="2019-12-27T05:51:04Z" finished-at="2019-12-27T05:51:04Z">
      <class name="qaclickacademy.AppiumTest">
        <test-method status="PASS" signature="IOSApps()[pri:0, instance:qaclickacademy.AppiumTest@464bee09]" name="IOSApps" duration-ms="4" started-at="2019-12-27T05:51:04Z" finished-at="2019-12-27T05:51:04Z">
          <reporter-output>
          </reporter-output>
        </test-method> <!-- IOSApps -->
        <test-method status="PASS" signature="NativeAppAndroid()[pri:0, instance:qaclickacademy.AppiumTest@464bee09]" name="NativeAppAndroid" duration-ms="3" started-at="2019-12-27T05:51:04Z" finished-at="2019-12-27T05:51:04Z">
          <reporter-output>
          </reporter-output>
        </test-method> <!-- NativeAppAndroid -->
      </class> <!-- qaclickacademy.AppiumTest -->
      <class name="qaclickacademy.RESTAPITest">
        <test-method status="PASS" signature="deleteTwitter()[pri:0, instance:qaclickacademy.RESTAPITest@6eebc39e]" name="deleteTwitter" duration-ms="4" started-at="2019-12-27T05:51:04Z" finished-at="2019-12-27T05:51:04Z">
          <reporter-output>
          </reporter-output>
        </test-method> <!-- deleteTwitter -->
        <test-method status="PASS" signature="postJira()[pri:0, instance:qaclickacademy.RESTAPITest@6eebc39e]" name="postJira" duration-ms="3" started-at="2019-12-27T05:51:04Z" finished-at="2019-12-27T05:51:04Z">
          <reporter-output>
          </reporter-output>
        </test-method> <!-- postJira -->
      </class> <!-- qaclickacademy.RESTAPITest -->
      <class name="qaclickacademy.SeleniumTest">
        <test-method status="PASS" signature="BrowserAutomation()[pri:0, instance:qaclickacademy.SeleniumTest@4dfa3a9d]" name="BrowserAutomation" duration-ms="19" started-at="2019-12-27T05:51:04Z" finished-at="2019-12-27T05:51:04Z">
          <reporter-output>
          </reporter-output>
        </test-method> <!-- BrowserAutomation -->
        <test-method status="PASS" signature="ElementUI()[pri:0, instance:qaclickacademy.SeleniumTest@4dfa3a9d]" name="ElementUI" duration-ms="5" started-at="2019-12-27T05:51:04Z" finished-at="2019-12-27T05:51:04Z">
          <reporter-output>
          </reporter-output>
        </test-method> <!-- ElementUI -->
      </class> <!-- qaclickacademy.SeleniumTest -->
    </test> <!-- Test -->
  </suite> <!-- Suite -->
</testng-results>
