<?xml version="1.0" encoding="UTF-8"?>
<!-- Generated by org.testng.reporters.JUnitXMLReporter -->
<testsuite hostname="DESKTOP-CRFERR4" ignored="0" name="Test" tests="6" failures="0" timestamp="27 Dec 2019 05:51:04 GMT" time="0.129" errors="0">
  <testcase name="BrowserAutomation" time="0.019" classname="qaclickacademy.SeleniumTest"/>
  <testcase name="ElementUI" time="0.005" classname="qaclickacademy.SeleniumTest"/>
  <testcase name="deleteTwitter" time="0.004" classname="qaclickacademy.RESTAPITest"/>
  <testcase name="postJira" time="0.003" classname="qaclickacademy.RESTAPITest"/>
  <testcase name="IOSApps" time="0.004" classname="qaclickacademy.AppiumTest"/>
  <testcase name="NativeAppAndroid" time="0.003" classname="qaclickacademy.AppiumTest"/>
</testsuite> <!-- Test -->
